e:\parsefbxnew\fbxbinary\parsefbx\parsefbx\x64\release\vc142.pdb
e:\parsefbxnew\fbxbinary\parsefbx\parsefbx\x64\release\utility.obj
e:\parsefbxnew\fbxbinary\parsefbx\parsefbx\x64\release\parsefbx.obj
e:\parsefbxnew\fbxbinary\parsefbx\parsefbx\x64\release\dllinterface.obj
e:\parsefbxnew\fbxbinary\parsefbx\parsefbx\x64\release\commom.obj
e:\parsefbxnew\fbxbinary\reconf-parsefbx\parsefbx\x64\release\vc142.pdb
e:\parsefbxnew\fbxbinary\reconf-parsefbx\parsefbx\x64\release\utility.obj
e:\parsefbxnew\fbxbinary\reconf-parsefbx\parsefbx\x64\release\parsefbx.obj
e:\parsefbxnew\fbxbinary\reconf-parsefbx\parsefbx\x64\release\dllinterface.obj
e:\parsefbxnew\fbxbinary\reconf-parsefbx\parsefbx\x64\release\commom.obj
e:\parsefbxnew\fbxbinary\parsefbx\x64\release\importfbx.exe
e:\parsefbxnew\fbxbinary\parsefbx\parsefbx\x64\release\importfbx.ipdb
e:\parsefbxnew\fbxbinary\parsefbx\parsefbx\x64\release\importfbx.iobj
e:\parsefbxnew\fbxbinary\parsefbx\x64\release\importfbx.pdb
e:\parsefbxnew\fbxbinary\reconf-parsefbx\x64\release\importfbx.exe
e:\parsefbxnew\fbxbinary\reconf-parsefbx\parsefbx\x64\release\importfbx.ipdb
e:\parsefbxnew\fbxbinary\reconf-parsefbx\parsefbx\x64\release\importfbx.iobj
e:\parsefbxnew\fbxbinary\reconf-parsefbx\x64\release\importfbx.pdb
e:\parsefbxnew\fbxbinary\parsefbx\x64\release\importfbx.lib
e:\parsefbxnew\fbxbinary\parsefbx\x64\release\importfbx.exp
e:\parsefbxnew\fbxbinary\reconf-parsefbx\x64\release\importfbx.lib
e:\parsefbxnew\fbxbinary\reconf-parsefbx\x64\release\importfbx.exp
e:\parsefbxnew\fbxbinary\reconf-parsefbx\parsefbx\x64\release\parsefbx.tlog\cl.command.1.tlog
e:\parsefbxnew\fbxbinary\reconf-parsefbx\parsefbx\x64\release\parsefbx.tlog\cl.read.1.tlog
e:\parsefbxnew\fbxbinary\reconf-parsefbx\parsefbx\x64\release\parsefbx.tlog\cl.write.1.tlog
e:\parsefbxnew\fbxbinary\reconf-parsefbx\parsefbx\x64\release\parsefbx.tlog\link.command.1.tlog
e:\parsefbxnew\fbxbinary\reconf-parsefbx\parsefbx\x64\release\parsefbx.tlog\link.read.1.tlog
e:\parsefbxnew\fbxbinary\reconf-parsefbx\parsefbx\x64\release\parsefbx.tlog\link.write.1.tlog
e:\parsefbxnew\fbxbinary\reconf-parsefbx\parsefbx\x64\release\parsefbx.tlog\parsefbx.write.1u.tlog
