e:\parsefbxnew\fbxbinary\parsefbx\parsefbx\x64\debug\vc142.pdb
e:\parsefbxnew\fbxbinary\parsefbx\parsefbx\x64\debug\vc142.idb
e:\parsefbxnew\fbxbinary\parsefbx\parsefbx\x64\debug\parsefbx.obj
e:\parsefbxnew\fbxbinary\parsefbx\parsefbx\x64\debug\ofbx.obj
e:\parsefbxnew\fbxbinary\parsefbx\parsefbx\x64\debug\commom.obj
e:\parsefbxnew\fbxbinary\parsefbx\parsefbx\x64\debug\dllinterface.obj
e:\parsefbxnew\fbxbinary\parsefbx\parsefbx\x64\debug\utility.obj
e:\parsefbxnew\fbxbinary\parsefbx\x64\debug\importfbx.exe
e:\parsefbxnew\fbxbinary\parsefbx\parsefbx\x64\debug\importfbx.ilk
e:\parsefbxnew\fbxbinary\parsefbx\x64\debug\importfbx.pdb
e:\parsefbxnew\fbxbinary\parsefbx\x64\debug\parsefbx.lib
e:\parsefbxnew\fbxbinary\parsefbx\x64\debug\parsefbx.exp
e:\parsefbxnew\fbxbinary\parsefbx\x64\debug\importfbx.lib
e:\parsefbxnew\fbxbinary\parsefbx\x64\debug\importfbx.exp
e:\parsefbxnew\fbxbinary\parsefbx\parsefbx\x64\debug\miniz.obj
e:\parsefbxnew\fbxbinary\parsefbx\parsefbx\x64\debug\dllinterface.obj.enc
e:\parsefbxnew\fbxbinary\parsefbx\parsefbx\x64\debug\parsefbx.ilk
e:\parsefbxnew\fbxbinary\parsefbx\parsefbx\x64\debug\parsefbx.tlog\cl.command.1.tlog
e:\parsefbxnew\fbxbinary\parsefbx\parsefbx\x64\debug\parsefbx.tlog\cl.read.1.tlog
e:\parsefbxnew\fbxbinary\parsefbx\parsefbx\x64\debug\parsefbx.tlog\cl.write.1.tlog
e:\parsefbxnew\fbxbinary\parsefbx\parsefbx\x64\debug\parsefbx.tlog\link.28956.delete.1.tlog
e:\parsefbxnew\fbxbinary\parsefbx\parsefbx\x64\debug\parsefbx.tlog\link.3416.delete.1.tlog
e:\parsefbxnew\fbxbinary\parsefbx\parsefbx\x64\debug\parsefbx.tlog\link.53008.delete.1.tlog
e:\parsefbxnew\fbxbinary\parsefbx\parsefbx\x64\debug\parsefbx.tlog\link.61296.delete.1.tlog
e:\parsefbxnew\fbxbinary\parsefbx\parsefbx\x64\debug\parsefbx.tlog\link.62012.delete.1.tlog
e:\parsefbxnew\fbxbinary\parsefbx\parsefbx\x64\debug\parsefbx.tlog\link.65412.delete.1.tlog
e:\parsefbxnew\fbxbinary\parsefbx\parsefbx\x64\debug\parsefbx.tlog\link.command.1.tlog
e:\parsefbxnew\fbxbinary\parsefbx\parsefbx\x64\debug\parsefbx.tlog\link.delete.1.tlog
e:\parsefbxnew\fbxbinary\parsefbx\parsefbx\x64\debug\parsefbx.tlog\link.read.1.tlog
e:\parsefbxnew\fbxbinary\parsefbx\parsefbx\x64\debug\parsefbx.tlog\link.write.1.tlog
e:\parsefbxnew\fbxbinary\parsefbx\parsefbx\x64\debug\parsefbx.tlog\parsefbx.write.1u.tlog
